<?xml version="1.0" encoding="UTF-8"?>
<!-- Generated by org.testng.reporters.JUnitReportReporter -->
<testsuite hostname="MBOVA1" name="chapter01.jdbc.PersistenceTest" tests="2" failures="0" timestamp="4 Jul 2014 12:39:42 GMT" time="0.001" errors="0">
  <testcase name="readMessage" time="0.000" classname="chapter01.jdbc.PersistenceTest"/>
  <testcase name="saveMessage" time="0.001" classname="chapter01.jdbc.PersistenceTest"/>
</testsuite> <!-- chapter01.jdbc.PersistenceTest -->
